#-----------------------------------------------------------
# Vivado v2019.1 (64-bit)
# SW Build 2552052 on Fri May 24 14:49:42 MDT 2019
# IP Build 2548770 on Fri May 24 18:01:18 MDT 2019
# Start of session at: Wed Jan 20 16:45:46 2021
# Process ID: 17292
# Current directory: I:/netlist_fixed
# Command line: vivado.exe -mode batch -source ProjectGeneration.tcl -notrace
# Log file: I:/netlist_fixed/vivado.log
# Journal file: I:/netlist_fixed\vivado.jou
#-----------------------------------------------------------
source ProjectGeneration.tcl -notrace
create_project: Time (s): cpu = 00:00:03 ; elapsed = 00:00:05 . Memory (MB): peak = 357.754 ; gain = 59.160
WARNING: [Coretcl 2-176] No IPs found
INFO: [IP_Flow 19-234] Refreshing IP repositories
INFO: [IP_Flow 19-1704] No user IP repositories specified
INFO: [IP_Flow 19-2313] Loaded Vivado IP repository 'C:/Xilinx/Vivado/2019.1/data/ip'.
WARNING: [IP_Flow 19-4832] The IP name 'izhikevichtestfixed1_c_addsub_v12_0_i0' you have specified is long. The Windows operating system has path length limitations. It is recommended you use shorter names to reduce the likelihood of issues.
WARNING: [Vivado 12-3523] Attempt to change 'Component_Name' from 'izhikevichtestfixed1_c_addsub_v12_0_i0' to 'izhikevichtestfixed1_c_addsub_v12_0_i0' is not allowed and is ignored.
WARNING: [IP_Flow 19-3374] An attempt to modify the value of disabled parameter 'B_Value' from '00000000000000000000000000000000000000000000000000000000000000000' to '0' has been ignored for IP 'izhikevichtestfixed1_c_addsub_v12_0_i0'
WARNING: [IP_Flow 19-3374] An attempt to modify the value of disabled parameter 'Bypass_Sense' from 'Active_High' to 'Active_Low' has been ignored for IP 'izhikevichtestfixed1_c_addsub_v12_0_i0'
WARNING: [IP_Flow 19-3374] An attempt to modify the value of disabled parameter 'Bypass_CE_Priority' from 'CE_Overrides_Bypass' to 'Bypass_Overrides_CE' has been ignored for IP 'izhikevichtestfixed1_c_addsub_v12_0_i0'
WARNING: [IP_Flow 19-4832] The IP name 'izhikevichtestfixed1_c_addsub_v12_0_i1' you have specified is long. The Windows operating system has path length limitations. It is recommended you use shorter names to reduce the likelihood of issues.
WARNING: [Vivado 12-3523] Attempt to change 'Component_Name' from 'izhikevichtestfixed1_c_addsub_v12_0_i1' to 'izhikevichtestfixed1_c_addsub_v12_0_i1' is not allowed and is ignored.
WARNING: [IP_Flow 19-3374] An attempt to modify the value of disabled parameter 'B_Value' from '00000000000000000000000000000000000000000000000000000000000000000' to '0' has been ignored for IP 'izhikevichtestfixed1_c_addsub_v12_0_i1'
WARNING: [IP_Flow 19-3374] An attempt to modify the value of disabled parameter 'Bypass_Sense' from 'Active_High' to 'Active_Low' has been ignored for IP 'izhikevichtestfixed1_c_addsub_v12_0_i1'
WARNING: [IP_Flow 19-3374] An attempt to modify the value of disabled parameter 'Bypass_CE_Priority' from 'CE_Overrides_Bypass' to 'Bypass_Overrides_CE' has been ignored for IP 'izhikevichtestfixed1_c_addsub_v12_0_i1'
WARNING: [IP_Flow 19-4832] The IP name 'izhikevichtestfixed1_mult_gen_v12_0_i0' you have specified is long. The Windows operating system has path length limitations. It is recommended you use shorter names to reduce the likelihood of issues.
WARNING: [Vivado 12-3523] Attempt to change 'Component_Name' from 'izhikevichtestfixed1_mult_gen_v12_0_i0' to 'izhikevichtestfixed1_mult_gen_v12_0_i0' is not allowed and is ignored.
INFO: [Common 17-206] Exiting Vivado at Wed Jan 20 16:46:00 2021...
