#-----------------------------------------------------------
# Vivado v2019.1 (64-bit)
# SW Build 2552052 on Fri May 24 14:49:42 MDT 2019
# IP Build 2548770 on Fri May 24 18:01:18 MDT 2019
# Start of session at: Wed Jan 20 16:46:43 2021
# Process ID: 26752
# Current directory: I:/netlist_fixed/hdl_netlist
# Command line: vivado.exe -gui_launcher_event rodinguilauncherevent19388 I:\netlist_fixed\hdl_netlist\izhikevichtestfixed1.xpr
# Log file: I:/netlist_fixed/hdl_netlist/vivado.log
# Journal file: I:/netlist_fixed/hdl_netlist\vivado.jou
#-----------------------------------------------------------
start_gui
open_project I:/netlist_fixed/hdl_netlist/izhikevichtestfixed1.xpr
Scanning sources...
Finished scanning sources
INFO: [IP_Flow 19-234] Refreshing IP repositories
INFO: [IP_Flow 19-1704] No user IP repositories specified
INFO: [IP_Flow 19-2313] Loaded Vivado IP repository 'C:/Xilinx/Vivado/2019.1/data/ip'.
open_project: Time (s): cpu = 00:00:13 ; elapsed = 00:00:07 . Memory (MB): peak = 822.637 ; gain = 178.375
update_compile_order -fileset sources_1
launch_runs impl_1 -jobs 4
INFO: [IP_Flow 19-1686] Generating 'Synthesis' target for IP 'izhikevichtestfixed1_mult_gen_v12_0_i0'...
INFO: [IP_Flow 19-1686] Generating 'Synthesis' target for IP 'izhikevichtestfixed1_c_addsub_v12_0_i1'...
INFO: [IP_Flow 19-1686] Generating 'Synthesis' target for IP 'izhikevichtestfixed1_c_addsub_v12_0_i0'...
[Wed Jan 20 16:48:45 2021] Launched izhikevichtestfixed1_c_addsub_v12_0_i1_synth_1, izhikevichtestfixed1_mult_gen_v12_0_i0_synth_1, izhikevichtestfixed1_c_addsub_v12_0_i0_synth_1, synth_1...
Run output will be captured here:
izhikevichtestfixed1_c_addsub_v12_0_i1_synth_1: I:/netlist_fixed/hdl_netlist/izhikevichtestfixed1.runs/izhikevichtestfixed1_c_addsub_v12_0_i1_synth_1/runme.log
izhikevichtestfixed1_mult_gen_v12_0_i0_synth_1: I:/netlist_fixed/hdl_netlist/izhikevichtestfixed1.runs/izhikevichtestfixed1_mult_gen_v12_0_i0_synth_1/runme.log
izhikevichtestfixed1_c_addsub_v12_0_i0_synth_1: I:/netlist_fixed/hdl_netlist/izhikevichtestfixed1.runs/izhikevichtestfixed1_c_addsub_v12_0_i0_synth_1/runme.log
synth_1: I:/netlist_fixed/hdl_netlist/izhikevichtestfixed1.runs/synth_1/runme.log
[Wed Jan 20 16:48:46 2021] Launched impl_1...
Run output will be captured here: I:/netlist_fixed/hdl_netlist/izhikevichtestfixed1.runs/impl_1/runme.log
launch_runs: Time (s): cpu = 00:00:07 ; elapsed = 00:00:07 . Memory (MB): peak = 845.340 ; gain = 0.000
open_run impl_1
INFO: [Device 21-403] Loading part xc7k325tfbg676-3
INFO: [Netlist 29-17] Analyzing 211 Unisim elements for replacement
INFO: [Netlist 29-28] Unisim Transformation completed in 0 CPU seconds
INFO: [Project 1-479] Netlist was created with Vivado 2019.1
INFO: [Project 1-570] Preparing netlist for logic optimization
INFO: [Timing 38-478] Restoring timing data from binary archive.
INFO: [Timing 38-479] Binary timing data restore complete.
INFO: [Project 1-856] Restoring constraints from binary archive.
INFO: [Project 1-853] Binary constraint restore complete.
Reading XDEF placement.
Reading placer database...
Reading XDEF routing.
Read XDEF File: Time (s): cpu = 00:00:00 ; elapsed = 00:00:00.464 . Memory (MB): peak = 1906.082 ; gain = 0.000
Restored from archive | CPU: 0.000000 secs | Memory: 0.000000 MB |
Finished XDEF File Restore: Time (s): cpu = 00:00:00 ; elapsed = 00:00:00.467 . Memory (MB): peak = 1906.082 ; gain = 0.000
Netlist sorting complete. Time (s): cpu = 00:00:00 ; elapsed = 00:00:00.002 . Memory (MB): peak = 1906.082 ; gain = 0.000
INFO: [Project 1-111] Unisim Transformation Summary:
  A total of 320 instances were transformed.
  SRLC32E => SRL16E: 320 instances

open_run: Time (s): cpu = 00:00:31 ; elapsed = 00:00:27 . Memory (MB): peak = 2076.918 ; gain = 1222.934
CRITICAL WARNING: [Timing 38-282] The design failed to meet the timing requirements. Please see the timing summary report for details on the timing violations.
exit
INFO: [Common 17-206] Exiting Vivado at Wed Jan 20 17:00:18 2021...
